<?xml version="1.0" encoding="UTF-8"?>
<!-- Generated by org.testng.reporters.JUnitXMLReporter -->
<testsuite ignored="0" hostname="LAPTOP-0QEPCK00" failures="0" tests="3" name="UsedCarsTest" time="42.302" errors="0" timestamp="02 Jun 2021 10:06:11 GMT">
  <testcase classname="com.bikes.testCases.UsedCarsTest" name="selectChennai" time="41.024"/>
  <testcase classname="com.bikes.testCases.UsedCarsTest" name="getPopularModels" time="0.355"/>
  <testcase classname="com.bikes.testCases.UsedCarsTest" name="verifyChennai" time="0.034"/>
</testsuite> <!-- UsedCarsTest -->
