<?xml version="1.0" encoding="UTF-8"?>
<!-- Generated by org.testng.reporters.JUnitXMLReporter -->
<testsuite ignored="0" hostname="LAPTOP-0QEPCK00" failures="0" tests="3" name="UsedCarsTest" time="46.301" errors="0" timestamp="03 Jun 2021 12:43:51 GMT">
  <testcase classname="com.bikes.testCases.UsedCarsTest" name="selectChennai" time="45.022"/>
  <testcase classname="com.bikes.testCases.UsedCarsTest" name="getPopularModels" time="0.44"/>
  <testcase classname="com.bikes.testCases.UsedCarsTest" name="verifyChennai" time="0.031"/>
</testsuite> <!-- UsedCarsTest -->
