<?xml version="1.0" encoding="UTF-8"?>
<!-- Generated by org.testng.reporters.JUnitXMLReporter -->
<testsuite hostname="PCIN468293" ignored="0" name="BikeDetails" tests="5" failures="0" timestamp="2021-03-11T16:08:59 IST" time="89.932" errors="0">
  <testcase name="invokedriver" time="39.555" classname="com.bikes.testCases.BikeDetailsTest"/>
  <testcase name="clickUpComingBikes" time="2.406" classname="com.bikes.testCases.BikeDetailsTest"/>
  <testcase name="selectHondaBikes" time="10.227" classname="com.bikes.testCases.BikeDetailsTest"/>
  <testcase name="clickViewMore" time="3.287" classname="com.bikes.testCases.BikeDetailsTest"/>
  <testcase name="displayUpcomingBikes" time="1.53" classname="com.bikes.testCases.BikeDetailsTest"/>
</testsuite> <!-- BikeDetails -->
