<?xml version="1.0" encoding="UTF-8"?>
<!-- Generated by org.testng.reporters.JUnitXMLReporter -->
<testsuite ignored="1" hostname="Abhi" failures="0" tests="10" name="Test" time="305.737" errors="0" timestamp="2021-04-16T17:18:10 IST">
  <testcase classname="com.bikes.testCases.BikeDetailsTest" name="invokedriver" time="43.796"/>
  <testcase classname="com.bikes.testCases.BikeDetailsTest" name="clickUpComingBikes" time="48.17"/>
  <testcase classname="com.bikes.testCases.BikeDetailsTest" name="selectHondaBikes" time="9.189"/>
  <testcase classname="com.bikes.testCases.BikeDetailsTest" name="clickViewMore" time="5.624"/>
  <testcase classname="com.bikes.testCases.BikeDetailsTest" name="displayUpcomingBikes" time="23.199"/>
  <testcase classname="com.bikes.testCases.BikeDetailsTest" name="verifyHondaPage" time="0.027"/>
  <testcase classname="com.bikes.testCases.UsedCarsTest" name="selectChennai" time="76.961"/>
  <testcase classname="com.bikes.testCases.UsedCarsTest" name="getPopularModels" time="2.318"/>
  <testcase classname="com.bikes.testCases.UsedCarsTest" name="verifyChennai" time="0.136"/>
  <testcase classname="com.bikes.testCases.LoginTest" name="clickLogin2" time="84.883"/>
  <testcase classname="com.bikes.testCases.LoginTest" name="clickLogin1" time="0.0">
    <ignored/>
  </testcase> <!-- clickLogin1 -->
</testsuite> <!-- Test -->
