<?xml version="1.0" encoding="UTF-8"?>
<!-- Generated by org.testng.reporters.JUnitXMLReporter -->
<testsuite ignored="0" hostname="LAPTOP-0QEPCK00" failures="0" tests="6" name="BikeDetailsTest" time="50.993" errors="0" timestamp="01 Jun 2021 05:46:31 GMT">
  <testcase classname="com.bikes.testCases.BikeDetailsTest" name="invokedriver" time="36.774"/>
  <testcase classname="com.bikes.testCases.BikeDetailsTest" name="clickUpComingBikes" time="4.06"/>
  <testcase classname="com.bikes.testCases.BikeDetailsTest" name="selectHondaBikes" time="3.645"/>
  <testcase classname="com.bikes.testCases.BikeDetailsTest" name="clickViewMore" time="3.242"/>
  <testcase classname="com.bikes.testCases.BikeDetailsTest" name="displayUpcomingBikes" time="1.86"/>
  <testcase classname="com.bikes.testCases.BikeDetailsTest" name="verifyHondaPage" time="0.015"/>
</testsuite> <!-- BikeDetailsTest -->
