<?xml version="1.0" encoding="UTF-8"?>
<!-- Generated by org.testng.reporters.JUnitXMLReporter -->
<testsuite ignored="0" hostname="LAPTOP-0QEPCK00" failures="0" tests="3" name="UsedCarsTest" time="43.116" errors="0" timestamp="01 Jun 2021 05:48:41 GMT">
  <testcase classname="com.bikes.testCases.UsedCarsTest" name="selectChennai" time="41.712"/>
  <testcase classname="com.bikes.testCases.UsedCarsTest" name="getPopularModels" time="0.317"/>
  <testcase classname="com.bikes.testCases.UsedCarsTest" name="verifyChennai" time="0.031"/>
</testsuite> <!-- UsedCarsTest -->
