<?xml version="1.0" encoding="UTF-8"?>
<!-- Generated by org.testng.reporters.JUnitXMLReporter -->
<testsuite ignored="0" hostname="LAPTOP-0QEPCK00" failures="0" tests="3" name="Command line test" time="117.72" errors="0" timestamp="02 Jun 2021 08:54:25 GMT">
  <testcase classname="com.bikes.testCases.BikeDetailsTest" name="invokedriver" time="32.099"/>
  <testcase classname="com.bikes.testCases.LoginTest" name="clickLogin1" time="45.231"/>
  <testcase classname="com.bikes.testCases.UsedCarsTest" name="selectChennai" time="40.363"/>
</testsuite> <!-- Command line test -->
