<?xml version="1.0" encoding="UTF-8"?>
<!-- Generated by org.testng.reporters.JUnitXMLReporter -->
<testsuite ignored="0" hostname="LAPTOP-0QEPCK00" failures="0" tests="11" name="Command line test" time="343.795" errors="0" timestamp="03 Jun 2021 13:19:01 GMT">
  <testcase classname="com.bikes.testCases.BikeDetailsTest" name="invokedriver" time="24.927"/>
  <testcase classname="com.bikes.testCases.BikeDetailsTest" name="clickUpComingBikes" time="164.703"/>
  <testcase classname="com.bikes.testCases.BikeDetailsTest" name="selectHondaBikes" time="3.652"/>
  <testcase classname="com.bikes.testCases.BikeDetailsTest" name="clickViewMore" time="3.305"/>
  <testcase classname="com.bikes.testCases.BikeDetailsTest" name="displayUpcomingBikes" time="1.502"/>
  <testcase classname="com.bikes.testCases.BikeDetailsTest" name="verifyHondaPage" time="0.007"/>
  <testcase classname="com.bikes.testCases.LoginTest" name="clickLogin1" time="47.457"/>
  <testcase classname="com.bikes.testCases.LoginTest" name="clickLogin2" time="54.538"/>
  <testcase classname="com.bikes.testCases.UsedCarsTest" name="selectChennai" time="41.34"/>
  <testcase classname="com.bikes.testCases.UsedCarsTest" name="getPopularModels" time="0.331"/>
  <testcase classname="com.bikes.testCases.UsedCarsTest" name="verifyChennai" time="0.028"/>
</testsuite> <!-- Command line test -->
