<?xml version="1.0" encoding="UTF-8"?>
<!-- Generated by org.testng.reporters.JUnitXMLReporter -->
<testsuite ignored="0" hostname="LAPTOP-0QEPCK00" failures="0" tests="3" name="Default test" time="19.951" errors="0" timestamp="31 May 2021 05:42:22 GMT">
  <testcase classname="com.bikes.testCases.UsedCarsTest" name="selectChennai" time="17.089"/>
  <testcase classname="com.bikes.testCases.UsedCarsTest" name="getPopularModels" time="1.408"/>
  <testcase classname="com.bikes.testCases.UsedCarsTest" name="verifyChennai" time="0.159"/>
</testsuite> <!-- Default test -->
